生成启动时间为 2015/12/1 16:40:18。
     1>项目“E:\self\vs2012\basis.vcxproj”在节点 2 上(Build 个目标)。
     1>ClCompile:
         C:\Program Files (x86)\Microsoft Visual Studio 11.0\VC\bin\CL.exe /c /I..\include /Zi /nologo /W3 /WX- /O2 /Oi /Oy- /GL /D _MBCS /Gm- /EHsc /MD /GS /Gy /fp:precise /Zc:wchar_t /Zc:forScope /Fo"Release\\" /Fd"Release\vc110.pdb" /Gd /TP /analyze- /errorReport:prompt ..\src\basis_rw_lock.cpp
         basis_rw_lock.cpp
       Link:
         C:\Program Files (x86)\Microsoft Visual Studio 11.0\VC\bin\link.exe /ERRORREPORT:PROMPT /OUT:"E:\self\vs2012\Release\basis.exe" /NOLOGO kernel32.lib user32.lib gdi32.lib winspool.lib comdlg32.lib advapi32.lib shell32.lib ole32.lib oleaut32.lib uuid.lib odbc32.lib odbccp32.lib /MANIFEST /MANIFESTUAC:"level='asInvoker' uiAccess='false'" /manifest:embed /DEBUG /PDB:"E:\self\vs2012\Release\basis.pdb" /OPT:REF /OPT:ICF /LTCG /TLBID:1 /DYNAMICBASE /NXCOMPAT /IMPLIB:"E:\self\vs2012\Release\basis.lib" /MACHINE:X86 /SAFESEH Release\basis_event.obj
         Release\basis_json.obj
         Release\basis_atomic.obj
         Release\basis_critical.obj
         Release\basis_md5.obj
         Release\basis_mutex.obj
         Release\basis_rw_lock.obj
         Release\basis_subject.obj
         Release\basis_thread.obj
         Release\basis_time.obj
         Release\basis_var.obj
         Release\test.obj
         正在生成代码
         已完成代码的生成
         basis.vcxproj -> E:\self\vs2012\Release\basis.exe
     1>已完成生成项目“E:\self\vs2012\basis.vcxproj”(Build 个目标)的操作。

生成成功。

已用时间 00:00:02.67
